<?xml version="1.0" encoding="UTF-8"?>
<testng-results skipped="0" failed="0" ignored="0" total="1" passed="1">
  <reporter-output>
  </reporter-output>
  <suite name="Suite" duration-ms="24582" started-at="2020-05-29T22:06:28Z" finished-at="2020-05-29T22:06:53Z">
    <groups>
    </groups>
    <test name="Test" duration-ms="24582" started-at="2020-05-29T22:06:28Z" finished-at="2020-05-29T22:06:53Z">
      <class name="com.scripts.MavenActiTime.TestActitime">
        <test-method status="PASS" signature="openBrowser()[pri:0, instance:com.scripts.MavenActiTime.TestActitime@124411f]" name="openBrowser" is-config="true" duration-ms="21734" started-at="2020-05-29T22:06:28Z" finished-at="2020-05-29T22:06:50Z">
          <reporter-output>
          </reporter-output>
        </test-method> <!-- openBrowser -->
        <test-method status="PASS" signature="login()[pri:0, instance:com.scripts.MavenActiTime.TestActitime@124411f]" name="login" duration-ms="2785" started-at="2020-05-29T22:06:50Z" finished-at="2020-05-29T22:06:53Z">
          <reporter-output>
          </reporter-output>
        </test-method> <!-- login -->
        <test-method status="PASS" signature="closeApps()[pri:0, instance:com.scripts.MavenActiTime.TestActitime@124411f]" name="closeApps" is-config="true" duration-ms="0" started-at="2020-05-29T22:06:53Z" finished-at="2020-05-29T22:06:53Z">
          <reporter-output>
          </reporter-output>
        </test-method> <!-- closeApps -->
      </class> <!-- com.scripts.MavenActiTime.TestActitime -->
    </test> <!-- Test -->
  </suite> <!-- Suite -->
</testng-results>
